MPASM 5.68                      CONTADOR.ASM   10-1-2020  14:43:57         PAGE  1


LOC  OBJECT CODE     LINE SOURCE TEXT
  VALUE

                      00001 ; CONFIG1
                      00002 ; __config 0xF8F1
2007   38F1           00003  __CONFIG _CONFIG1, _FOSC_XT & _WDTE_OFF & _PWRTE_OFF & _MCLRE_ON & _CP_OFF & _CPD_OFF & _BOREN_OFF & _I
                            ESO_OFF & _FCMEN_ON & _LVP_ON
                      00004 ; CONFIG2
                      00005 ; __config 0xFFFF
2008   3FFF           00006  __CONFIG _CONFIG2, _BOR4V_BOR40V & _WRT_OFF
                      00007     
                      00008     
                      00009     LIST p=16F887
                      00010     INCLUDE <P16F887.INC>
                      00001         LIST
                      00002 
                      00003 ;==========================================================================
                      00004 ; Build date : May 15 2016
                      00005 ;  MPASM PIC16F887 processor include
                      00006 ; 
                      00007 ;  (c) Copyright 1999-2016 Microchip Technology, All rights reserved
                      00008 ;==========================================================================
                      00009 
                      00810         LIST
                      00011 
                      00012  
  00000020            00013 Contador1 EQU 0x20
  00000021            00014 Contador2 EQU 0x21
  00000022            00015 DISP_COUNTER EQU 0x22
  00000024            00016 DISP_FREQ EQU 0x24
                      00017  
  00000025            00018 Hundred EQU 0x25
  00000026            00019 Tens    EQU 0x26
  00000027            00020 Units   EQU 0x27        
  00000028            00021 bin     EQU 0x28
  00000029            00022 count8  EQU 0x29
  0000002A            00023 temp    EQU 0x2A
                      00024  
                      00025     ORG 0x00 ; Inicio de programa
0000   2???           00026     goto INIT
                      00027  ;**** Configurar el puerto****
0001                  00028 INIT
0001   1683           00029         bsf STATUS,5 ; Cambia al Banco 1
0002   3000           00030         movlw 00h ; Configura los pines del puerto B ...
Message[302]: Register in operand not in bank 0.  Ensure that bank bits are correct.
0003   0088           00031         movwf TRISD ; ...como salidas.
Message[302]: Register in operand not in bank 0.  Ensure that bank bits are correct.
0004   0085           00032         movwf TRISA ; ...como salidas.
                      00033         
0005   1283           00034         bcf STATUS,5 ; Vuelve al Banco 0
0006   3000           00035         movlw 00h ; Configura nuestro registro w con 02h
0007   0088           00036         movwf PORTD ; ...como salidas.
0008   0085           00037         movwf PORTA ; ...como salidas.
0009   3020           00038         movlw 20h ; Configura nuestro registro w con 02h
000A   00A4           00039         movwf DISP_FREQ
000B   3020           00040         movlw 20h ; Configura nuestro registro w con 02h
MPASM 5.68                      CONTADOR.ASM   10-1-2020  14:43:57         PAGE  2


LOC  OBJECT CODE     LINE SOURCE TEXT
  VALUE

000C   00A2           00041         movwf DISP_COUNTER
000D   00A8           00042         MOVWF bin ; 0x20
000E   2???           00043         CALL Binary2BCD ; tens = 3 unit = 2 
000F                  00044 MAIN
000F   2???           00045         CALL DISP_UPDATE_UNIT ; 2
0010   2???           00046         CALL DELAY_20MS
0011   2???           00047         CALL DISP_UPDATE_TENS; 3
0012   2???           00048         CALL DELAY_20MS
Message[305]: Using default destination of 1 (file).
0013   0BA4           00049         DECFSZ DISP_FREQ
0014   2???           00050         GOTO MAIN
0015   0BA2           00051         DECFSZ DISP_COUNTER,F ;0x1f = 31 decimal
0016   2???           00052         GOTO INIT_FREQ
0017   2???           00053         CALL INIT_COUNTER
                      00054 
0018                  00055 INIT_FREQ
0018   0822           00056         MOVF DISP_COUNTER,0
0019   00A8           00057         MOVWF bin ; 0x20
001A   2???           00058         CALL Binary2BCD ; tens = 3 unit = 2 
001B   3020           00059         movlw 20h ; Configura nuestro registro w con 02h
001C   00A4           00060         movwf DISP_FREQ
001D   2???           00061         GOTO MAIN
                      00062 
                      00063 ;--------------------------------------------------------------------------
                      00064 ; INITIALIZE COUNTER
                      00065 ;--------------------------------------------------------------------------     
                      00066 
001E                  00067 INIT_COUNTER
001E   3020           00068         movlw 20h ; Configura nuestro registro w con 02h
001F   00A2           00069         movwf DISP_COUNTER
0020   0008           00070         RETURN
                      00071         
                      00072 ;--------------------------------------------------------------------------
                      00073 ; DISPLAY 7 SEGMENTS
                      00074 ;--------------------------------------------------------------------------     
0021                  00075 DISP_UPDATE_UNIT
0021   1005           00076         BCF PORTA,0 ;TURN OFF DIGIT 2.
0022   0827           00077         MOVF Units,0
0023   2???           00078         CALL SEVENSEG_LOOKUP
0024   0088           00079         MOVWF PORTD ;PUT DATA ON PORTB.
0025   1485           00080         BSF PORTA,1 ;TURN ON DIGIT 1.
0026   0008           00081         RETURN
                      00082         
0027                  00083 DISP_UPDATE_TENS
0027   1085           00084         BCF PORTA,1 ;TURN OFF DIGIT 1.
0028   0826           00085         MOVF Tens,0
0029   2???           00086         CALL SEVENSEG_LOOKUP
002A   0088           00087         MOVWF PORTD ;PUT DATA ON PORTB.
002B   1405           00088         BSF PORTA,0 ;TURN ON DIGIT 2.
002C   0008           00089         RETURN
                      00090 ;--------------------------------------------------------------------------
                      00091 ; NUMBERIC LOOKUP TABLE FOR 7 SEG
                      00092 ;--------------------------------------------------------------------------
MPASM 5.68                      CONTADOR.ASM   10-1-2020  14:43:57         PAGE  3


LOC  OBJECT CODE     LINE SOURCE TEXT
  VALUE

002D                  00093 SEVENSEG_LOOKUP 
002D   0782           00094         ADDWF PCL,f
002E   343F           00095         RETLW 3Fh ; //Hex value to display the number 0.
002F   3406           00096         RETLW 06h ; //Hex value to display the number 1.
0030   345B           00097         RETLW 5Bh ; //Hex value to display the number 2.
0031   344F           00098         RETLW 4Fh ; //Hex value to display the number 3.
0032   3466           00099         RETLW 66h ; //Hex value to display the number 4.
0033   346D           00100         RETLW 6Dh ; //Hex value to display the number 5.
0034   347C           00101         RETLW 7Ch ; //Hex value to display the number 6.
0035   3407           00102         RETLW 07h ; //Hex value to display the number 7.
0036   347F           00103         RETLW 7Fh ; //Hex value to display the number 8.
0037   346F           00104         RETLW 6Fh ; //Hex value to display the number 9.
0038   0008           00105         RETURN
                      00106 ;--------------------------------------------------------------------------
                      00107 ; DELAY 20 MILLISECONDS
                      00108 ;--------------------------------------------------------------------------
0039                  00109 DELAY_20MS
0039   30FF           00110         movlw   0xFF                    ;
003A   00A0           00111         movwf   Contador1               ; Iniciamos contador1.-
003B                  00112 Repeticion1
003B   3019           00113         movlw   0x19                    ;
003C   00A1           00114         movwf   Contador2               ; Iniciamos contador2
003D                  00115 Repeticion2
003D   0BA1           00116         decfsz  Contador2,1             ; Decrementa Contador2 y si es 0 sale.-
003E   2???           00117         goto    Repeticion2             ; Si no es 0 repetimos ciclo.-
003F   0BA0           00118         decfsz  Contador1,1             ; Decrementa Contador1.-
0040   2???           00119         goto    Repeticion1             ; Si no es cero repetimos ciclo.-
0041   0008           00120         return                          ; Regresa de la subrutina.-
                      00121 
                      00122 ;--------------------------------------------------------------------------
                      00123 ; CONVERTER BINARY TO BCD
                      00124 ;--------------------------------------------------------------------------
0042                  00125 Binary2BCD
0042   01A5           00126         clrf            Hundred
0043   01A6           00127         clrf            Tens
0044   01A7           00128         clrf            Units
0045   3008           00129         movlw           0x08
0046   00A9           00130         movwf           count8
                      00131         ; check if bin is zero  
0047   3000           00132         movlw           0x00
0048   07A8           00133         addwf           bin, f
0049   1903           00134         btfsc           STATUS, Z
004A   2???           00135         goto            endBinary2BCD
004B                  00136 startconversion 
                      00137         ; rotate MSB from bin into Units
004B   1003           00138         bcf             STATUS, C
004C   0DA8           00139         rlf             bin, f
004D   0DA7           00140         rlf             Units, f
                      00141         ; check if a carry happened to 5th bit of Units 
                      00142         ; helps to move the carry from nibble to a different byte
004E   1E27           00143         btfss           Units, 0x04
004F   2???           00144         goto            RotateZeroIntoTen
0050   1403           00145         bsf             STATUS, C
MPASM 5.68                      CONTADOR.ASM   10-1-2020  14:43:57         PAGE  4


LOC  OBJECT CODE     LINE SOURCE TEXT
  VALUE

0051   0DA6           00146         rlf             Tens, f
0052   2???           00147         goto            completeUnitCarry       
0053                  00148 RotateZeroIntoTen
0053   1003           00149         bcf             STATUS, C
0054   0DA6           00150         rlf             Tens, f
0055                  00151 completeUnitCarry       
0055   1227           00152         bcf             Units, 0x04
                      00153         ; check if a carry happend to the 5th bit of Tens
                      00154         ; helps to move the carry from nibble to a different byte
0056   1E26           00155         btfss           Tens, 0x04
0057   2???           00156         goto            RotateZeroIntoHun
0058   1403           00157         bsf             STATUS, C
0059   0DA5           00158         rlf             Hundred, f
005A   2???           00159         goto            completeTenCarry        
005B                  00160 RotateZeroIntoHun
005B   1003           00161         bcf             STATUS, C
005C   0DA5           00162         rlf             Hundred, f
005D                  00163 completeTenCarry        
005D   1226           00164         bcf             Tens, 0x04
005E   0BA9           00165         decfsz          count8,f
005F   2???           00166         goto            continue
0060   2???           00167         goto            endBinary2BCD
0061                  00168 continue
                      00169         ; check if you need to add 3 to Units if it is greater or equal to 5
0061   0827           00170         movf            Units, w
0062   00AA           00171         movwf           temp
0063   3005           00172         movlw           0x05
0064   02AA           00173         subwf           temp, f
0065   1C03           00174         btfss           STATUS, C
0066   2???           00175         goto            AfterAdding3
0067   0827           00176         movf            Units, w
0068   3E03           00177         addlw           0x03
0069   00A7           00178         movwf           Units
006A                  00179 AfterAdding3    
                      00180         ; check if you need to add 3 to Tens if it is greater or equal to 5
006A   0826           00181         movf            Tens, w
006B   00AA           00182         movwf           temp
006C   3005           00183         movlw           0x05
006D   02AA           00184         subwf           temp, f
006E   1C03           00185         btfss           STATUS, C
006F   2???           00186         goto            AfterAdding_3
0070   0826           00187         movf            Tens, w
0071   3E03           00188         addlw           0x03
0072   00A6           00189         movwf           Tens
0073                  00190 AfterAdding_3   
0073   2???           00191         goto            startconversion
0074                  00192 endBinary2BCD   
0074   0008           00193         return
                      00194         
                      00195         
                      00196         
38F1 3FFF             00197         end
MPASM 5.68                      CONTADOR.ASM   10-1-2020  14:43:57         PAGE  5


SYMBOL TABLE
  LABEL                             VALUE 

ABDEN                             00000000
ABDOVF                            00000007
ACKDT                             00000005
ACKEN                             00000004
ACKSTAT                           00000006
ADCON0                            0000001F
ADCON1                            0000009F
ADCS0                             00000006
ADCS1                             00000007
ADDEN                             00000003
ADFM                              00000007
ADIE                              00000006
ADIF                              00000006
ADON                              00000000
ADRESH                            0000001E
ADRESL                            0000009E
ANS0                              00000000
ANS1                              00000001
ANS10                             00000002
ANS11                             00000003
ANS12                             00000004
ANS13                             00000005
ANS2                              00000002
ANS3                              00000003
ANS4                              00000004
ANS5                              00000005
ANS6                              00000006
ANS7                              00000007
ANS8                              00000000
ANS9                              00000001
ANSEL                             00000188
ANSELH                            00000189
AfterAdding3                      0000006A
AfterAdding_3                     00000073
BAUDCTL                           00000187
BCLIE                             00000003
BCLIF                             00000003
BF                                00000000
BRG0                              00000000
BRG1                              00000001
BRG10                             00000002
BRG11                             00000003
BRG12                             00000004
BRG13                             00000005
BRG14                             00000006
BRG15                             00000007
BRG16                             00000003
BRG2                              00000002
BRG3                              00000003
BRG4                              00000004
BRG5                              00000005
BRG6                              00000006
BRG7                              00000007
MPASM 5.68                      CONTADOR.ASM   10-1-2020  14:43:57         PAGE  6


SYMBOL TABLE
  LABEL                             VALUE 

BRG8                              00000000
BRG9                              00000001
BRGH                              00000002
Binary2BCD                        00000042
C                                 00000000
C1CH0                             00000000
C1CH1                             00000001
C1IE                              00000005
C1IF                              00000005
C1OE                              00000005
C1ON                              00000007
C1OUT                             00000006
C1POL                             00000004
C1R                               00000002
C1RSEL                            00000005
C1SEN                             00000005
C2CH0                             00000000
C2CH1                             00000001
C2IE                              00000006
C2IF                              00000006
C2OE                              00000005
C2ON                              00000007
C2OUT                             00000006
C2POL                             00000004
C2R                               00000002
C2REN                             00000004
C2RSEL                            00000004
C2SYNC                            00000000
CCP1CON                           00000017
CCP1IE                            00000002
CCP1IF                            00000002
CCP1M0                            00000000
CCP1M1                            00000001
CCP1M2                            00000002
CCP1M3                            00000003
CCP1X                             00000005
CCP1Y                             00000004
CCP2CON                           0000001D
CCP2IE                            00000000
CCP2IF                            00000000
CCP2M0                            00000000
CCP2M1                            00000001
CCP2M2                            00000002
CCP2M3                            00000003
CCP2X                             00000005
CCP2Y                             00000004
CCPR1                             00000015
CCPR1H                            00000016
CCPR1L                            00000015
CCPR2                             0000001B
CCPR2H                            0000001C
CCPR2L                            0000001B
CHS0                              00000002
MPASM 5.68                      CONTADOR.ASM   10-1-2020  14:43:57         PAGE  7


SYMBOL TABLE
  LABEL                             VALUE 

CHS1                              00000003
CHS2                              00000004
CHS3                              00000005
CKE                               00000006
CKP                               00000004
CM1CON0                           00000107
CM2CON0                           00000108
CM2CON1                           00000109
CREN                              00000004
CSRC                              00000007
Contador1                         00000020
Contador2                         00000021
D                                 00000005
DATA_ADDRESS                      00000005
DC                                00000001
DC1B0                             00000004
DC1B1                             00000005
DC2B0                             00000004
DC2B1                             00000005
DELAY_20MS                        00000039
DISP_COUNTER                      00000022
DISP_FREQ                         00000024
DISP_UPDATE_TENS                  00000027
DISP_UPDATE_UNIT                  00000021
D_A                               00000005
D_NOT_A                           00000005
ECCPAS                            0000009C
ECCPAS0                           00000004
ECCPAS1                           00000005
ECCPAS2                           00000006
ECCPASE                           00000007
EEADR                             0000010D
EEADRH                            0000010F
EECON1                            0000018C
EECON2                            0000018D
EEDAT                             0000010C
EEDATA                            0000010C
EEDATH                            0000010E
EEIE                              00000004
EEIF                              00000004
EEPGD                             00000007
F                                 00000001
FERR                              00000002
FSR                               00000004
FVREN                             00000000
GCEN                              00000007
GIE                               00000007
GO                                00000001
GO_DONE                           00000001
GO_NOT_DONE                       00000001
HTS                               00000002
Hundred                           00000025
I2C_DATA                          00000005
MPASM 5.68                      CONTADOR.ASM   10-1-2020  14:43:57         PAGE  8


SYMBOL TABLE
  LABEL                             VALUE 

I2C_READ                          00000002
I2C_START                         00000003
I2C_STOP                          00000004
INDF                              00000000
INIT                              00000001
INIT_COUNTER                      0000001E
INIT_FREQ                         00000018
INTCON                            0000000B
INTE                              00000004
INTEDG                            00000006
INTF                              00000001
IOCB                              00000096
IOCB0                             00000000
IOCB1                             00000001
IOCB2                             00000002
IOCB3                             00000003
IOCB4                             00000004
IOCB5                             00000005
IOCB6                             00000006
IOCB7                             00000007
IRCF0                             00000004
IRCF1                             00000005
IRCF2                             00000006
IRP                               00000007
LTS                               00000001
MAIN                              0000000F
MC1OUT                            00000007
MC2OUT                            00000006
MSK                               00000093
MSK0                              00000000
MSK1                              00000001
MSK2                              00000002
MSK3                              00000003
MSK4                              00000004
MSK5                              00000005
MSK6                              00000006
MSK7                              00000007
NOT_A                             00000005
NOT_ADDRESS                       00000005
NOT_BO                            00000000
NOT_BOR                           00000000
NOT_DONE                          00000001
NOT_PD                            00000003
NOT_POR                           00000001
NOT_RBPU                          00000007
NOT_RC8                           00000006
NOT_T1SYNC                        00000002
NOT_TO                            00000004
NOT_TX8                           00000006
NOT_W                             00000002
NOT_WRITE                         00000002
OERR                              00000001
OPTION_REG                        00000081
MPASM 5.68                      CONTADOR.ASM   10-1-2020  14:43:57         PAGE  9


SYMBOL TABLE
  LABEL                             VALUE 

OSCCON                            0000008F
OSCTUNE                           00000090
OSFIE                             00000007
OSFIF                             00000007
OSTS                              00000003
P                                 00000004
P1M0                              00000006
P1M1                              00000007
PCL                               00000002
PCLATH                            0000000A
PCON                              0000008E
PDC0                              00000000
PDC1                              00000001
PDC2                              00000002
PDC3                              00000003
PDC4                              00000004
PDC5                              00000005
PDC6                              00000006
PEIE                              00000006
PEN                               00000002
PIE1                              0000008C
PIE2                              0000008D
PIR1                              0000000C
PIR2                              0000000D
PORTA                             00000005
PORTB                             00000006
PORTC                             00000007
PORTD                             00000008
PORTE                             00000009
PR2                               00000092
PRSEN                             00000007
PS0                               00000000
PS1                               00000001
PS2                               00000002
PSA                               00000003
PSSAC0                            00000002
PSSAC1                            00000003
PSSBD0                            00000000
PSSBD1                            00000001
PSTRCON                           0000009D
PULSR                             00000002
PULSS                             00000003
PWM1CON                           0000009B
R                                 00000002
RA0                               00000000
RA1                               00000001
RA2                               00000002
RA3                               00000003
RA4                               00000004
RA5                               00000005
RA6                               00000006
RA7                               00000007
RB0                               00000000
MPASM 5.68                      CONTADOR.ASM   10-1-2020  14:43:57         PAGE 10


SYMBOL TABLE
  LABEL                             VALUE 

RB1                               00000001
RB2                               00000002
RB3                               00000003
RB4                               00000004
RB5                               00000005
RB6                               00000006
RB7                               00000007
RBIE                              00000003
RBIF                              00000000
RC0                               00000000
RC1                               00000001
RC2                               00000002
RC3                               00000003
RC4                               00000004
RC5                               00000005
RC6                               00000006
RC7                               00000007
RC8_9                             00000006
RC9                               00000006
RCD8                              00000000
RCEN                              00000003
RCIDL                             00000006
RCIE                              00000005
RCIF                              00000005
RCREG                             0000001A
RCSTA                             00000018
RD                                00000000
RD0                               00000000
RD1                               00000001
RD2                               00000002
RD3                               00000003
RD4                               00000004
RD5                               00000005
RD6                               00000006
RD7                               00000007
RE0                               00000000
RE1                               00000001
RE2                               00000002
RE3                               00000003
READ_WRITE                        00000002
RP0                               00000005
RP1                               00000006
RSEN                              00000001
RX9                               00000006
RX9D                              00000000
R_NOT_W                           00000002
R_W                               00000002
Repeticion1                       0000003B
Repeticion2                       0000003D
RotateZeroIntoHun                 0000005B
RotateZeroIntoTen                 00000053
S                                 00000003
SBOREN                            00000004
MPASM 5.68                      CONTADOR.ASM   10-1-2020  14:43:57         PAGE 11


SYMBOL TABLE
  LABEL                             VALUE 

SCKP                              00000004
SCS                               00000000
SEN                               00000000
SENDB                             00000003
SEVENSEG_LOOKUP                   0000002D
SMP                               00000007
SPBRG                             00000099
SPBRGH                            0000009A
SPEN                              00000007
SR0                               00000006
SR1                               00000007
SRCON                             00000185
SREN                              00000005
SSPADD                            00000093
SSPBUF                            00000013
SSPCON                            00000014
SSPCON2                           00000091
SSPEN                             00000005
SSPIE                             00000003
SSPIF                             00000003
SSPM0                             00000000
SSPM1                             00000001
SSPM2                             00000002
SSPM3                             00000003
SSPMSK                            00000093
SSPOV                             00000006
SSPSTAT                           00000094
STATUS                            00000003
STRA                              00000000
STRB                              00000001
STRC                              00000002
STRD                              00000003
STRSYNC                           00000004
SWDTEN                            00000000
SYNC                              00000004
T0CS                              00000005
T0IE                              00000005
T0IF                              00000002
T0SE                              00000004
T1CKPS0                           00000004
T1CKPS1                           00000005
T1CON                             00000010
T1GINV                            00000007
T1GIV                             00000007
T1GSS                             00000001
T1INSYNC                          00000002
T1OSCEN                           00000003
T1SYNC                            00000002
T2CKPS0                           00000000
T2CKPS1                           00000001
T2CON                             00000012
TMR0                              00000001
TMR0IE                            00000005
MPASM 5.68                      CONTADOR.ASM   10-1-2020  14:43:57         PAGE 12


SYMBOL TABLE
  LABEL                             VALUE 

TMR0IF                            00000002
TMR1                              0000000E
TMR1CS                            00000001
TMR1GE                            00000006
TMR1H                             0000000F
TMR1IE                            00000000
TMR1IF                            00000000
TMR1L                             0000000E
TMR1ON                            00000000
TMR2                              00000011
TMR2IE                            00000001
TMR2IF                            00000001
TMR2ON                            00000002
TOUTPS0                           00000003
TOUTPS1                           00000004
TOUTPS2                           00000005
TOUTPS3                           00000006
TRISA                             00000085
TRISA0                            00000000
TRISA1                            00000001
TRISA2                            00000002
TRISA3                            00000003
TRISA4                            00000004
TRISA5                            00000005
TRISA6                            00000006
TRISA7                            00000007
TRISB                             00000086
TRISB0                            00000000
TRISB1                            00000001
TRISB2                            00000002
TRISB3                            00000003
TRISB4                            00000004
TRISB5                            00000005
TRISB6                            00000006
TRISB7                            00000007
TRISC                             00000087
TRISC0                            00000000
TRISC1                            00000001
TRISC2                            00000002
TRISC3                            00000003
TRISC4                            00000004
TRISC5                            00000005
TRISC6                            00000006
TRISC7                            00000007
TRISD                             00000088
TRISD0                            00000000
TRISD1                            00000001
TRISD2                            00000002
TRISD3                            00000003
TRISD4                            00000004
TRISD5                            00000005
TRISD6                            00000006
TRISD7                            00000007
MPASM 5.68                      CONTADOR.ASM   10-1-2020  14:43:57         PAGE 13


SYMBOL TABLE
  LABEL                             VALUE 

TRISE                             00000089
TRISE0                            00000000
TRISE1                            00000001
TRISE2                            00000002
TRISE3                            00000003
TRMT                              00000001
TUN0                              00000000
TUN1                              00000001
TUN2                              00000002
TUN3                              00000003
TUN4                              00000004
TX8_9                             00000006
TX9                               00000006
TX9D                              00000000
TXD8                              00000000
TXEN                              00000005
TXIE                              00000004
TXIF                              00000004
TXREG                             00000019
TXSTA                             00000098
Tens                              00000026
UA                                00000001
ULPWUE                            00000005
ULPWUIE                           00000002
ULPWUIF                           00000002
Units                             00000027
VCFG0                             00000004
VCFG1                             00000005
VR0                               00000000
VR1                               00000001
VR2                               00000002
VR3                               00000003
VRCON                             00000097
VREN                              00000007
VROE                              00000006
VRR                               00000005
VRSS                              00000004
W                                 00000000
WCOL                              00000007
WDTCON                            00000105
WDTPS0                            00000001
WDTPS1                            00000002
WDTPS2                            00000003
WDTPS3                            00000004
WPUB                              00000095
WPUB0                             00000000
WPUB1                             00000001
WPUB2                             00000002
WPUB3                             00000003
WPUB4                             00000004
WPUB5                             00000005
WPUB6                             00000006
WPUB7                             00000007
MPASM 5.68                      CONTADOR.ASM   10-1-2020  14:43:57         PAGE 14


SYMBOL TABLE
  LABEL                             VALUE 

WR                                00000001
WREN                              00000002
WRERR                             00000003
WUE                               00000001
Z                                 00000002
_BOR21V                           00003EFF
_BOR40V                           00003FFF
_BOR4V_BOR21V                     00003EFF
_BOR4V_BOR40V                     00003FFF
_BOREN_NSLEEP                     00003EFF
_BOREN_OFF                        00003CFF
_BOREN_ON                         00003FFF
_BOREN_SBODEN                     00003DFF
_BOR_NSLEEP                       00003EFF
_BOR_OFF                          00003CFF
_BOR_ON                           00003FFF
_BOR_SBODEN                       00003DFF
_CONFIG1                          00002007
_CONFIG2                          00002008
_CPD_OFF                          00003FFF
_CPD_ON                           00003F7F
_CP_OFF                           00003FFF
_CP_ON                            00003FBF
_DEBUG_OFF                        00003FFF
_DEBUG_ON                         00001FFF
_DEVID1                           00002006
_EC_OSC                           00003FFB
_EXTRC                            00003FFF
_EXTRCIO                          00003FFE
_EXTRC_OSC_CLKOUT                 00003FFF
_EXTRC_OSC_NOCLKOUT               00003FFE
_FCMEN_OFF                        000037FF
_FCMEN_ON                         00003FFF
_FOSC_EC                          00003FFB
_FOSC_EXTRC_CLKOUT                00003FFF
_FOSC_EXTRC_NOCLKOUT              00003FFE
_FOSC_HS                          00003FFA
_FOSC_INTRC_CLKOUT                00003FFD
_FOSC_INTRC_NOCLKOUT              00003FFC
_FOSC_LP                          00003FF8
_FOSC_XT                          00003FF9
_HS_OSC                           00003FFA
_IDLOC0                           00002000
_IDLOC1                           00002001
_IDLOC2                           00002002
_IDLOC3                           00002003
_IESO_OFF                         00003BFF
_IESO_ON                          00003FFF
_INTOSC                           00003FFD
_INTOSCIO                         00003FFC
_INTRC_OSC_CLKOUT                 00003FFD
_INTRC_OSC_NOCLKOUT               00003FFC
_LP_OSC                           00003FF8
MPASM 5.68                      CONTADOR.ASM   10-1-2020  14:43:57         PAGE 15


SYMBOL TABLE
  LABEL                             VALUE 

_LVP_OFF                          00002FFF
_LVP_ON                           00003FFF
_MCLRE_OFF                        00003FDF
_MCLRE_ON                         00003FFF
_PWRTE_OFF                        00003FFF
_PWRTE_ON                         00003FEF
_WDTE_OFF                         00003FF7
_WDTE_ON                          00003FFF
_WDT_OFF                          00003FF7
_WDT_ON                           00003FFF
_WRT_1FOURTH                      00003BFF
_WRT_256                          00003DFF
_WRT_HALF                         000039FF
_WRT_OFF                          00003FFF
_XT_OSC                           00003FF9
__16F887                          00000001
bin                               00000028
completeTenCarry                  0000005D
completeUnitCarry                 00000055
continue                          00000061
count8                            00000029
endBinary2BCD                     00000074
startconversion                   0000004B
temp                              0000002A

Errors   :     0
Warnings :     0 reported,     0 suppressed
Messages :     3 reported,     0 suppressed

