MPASM 5.68                ADCPOLLING8BIT.ASM   10-15-2020  10:25:04         PAGE  1


LOC  OBJECT CODE     LINE SOURCE TEXT
  VALUE

                      00001 ; CONFIG1
                      00002 ; __config 0xF8F1
2007   38F1           00003  __CONFIG _CONFIG1, _FOSC_XT & _WDTE_OFF & _PWRTE_OFF & _MCLRE_ON & _CP_OFF & _CPD_OFF & _BOREN_OFF & _I
                            ESO_OFF & _FCMEN_ON & _LVP_ON
                      00004 ; CONFIG2
                      00005 ; __config 0xFFFF
2008   3FFF           00006  __CONFIG _CONFIG2, _BOR4V_BOR40V & _WRT_OFF
                      00007     
                      00008     
                      00009     LIST p=16F887
                      00010     INCLUDE <P16F887.INC>
                      00001         LIST
                      00002 
                      00003 ;==========================================================================
                      00004 ; Build date : May 15 2016
                      00005 ;  MPASM PIC16F887 processor include
                      00006 ; 
                      00007 ;  (c) Copyright 1999-2016 Microchip Technology, All rights reserved
                      00008 ;==========================================================================
                      00009 
                      00810         LIST
                      00011 
                      00012 ; NOTA:
                      00013 ; Oscilador utilizado 4MHz.-
                      00014 ; ************************************************
                      00015 
  00000000            00016 EN_D0   EQU     0       ; Definimos Led como RE0
  00000001            00017 EN_D1   EQU     1       ; Definimos Led como RE1
                      00018     
  00000020            00019 RESULTHI        equ     0x20    ; Registro para guardar Byte alto de la conversion.-
  00000021            00020 RESULTLO        equ     0x21    ; Regsitro para guardar Byte bajo de la conversion.-
  00000022            00021 Contador        equ     0x22    ; registro utilizado en demora.-
  00000023            00022 Contador1       equ 0x23
  00000024            00023 Contador2       equ 0x24
                      00024         
  00000025            00025 Hundred equ 0x25
  00000026            00026 Tens    equ 0x26
  00000027            00027 Units   equ 0x27        
  00000028            00028 bin     equ 0x28
  00000029            00029 count8  equ 0x29
  0000002A            00030 temp    equ 0x2A
                      00031         
                      00032         
                      00033 ; ************************************************
                      00034         org     0x00
0000   2???           00035         goto INIT
                      00036  ;**** Configurar el puerto****
0001                  00037 INIT
0001   1683           00038         BSF     STATUS,RP0      ; Banco 1 -- BANKSEL ADCON1
0002   3000           00039         MOVLW   B'00000000'     ; Justificado a la izquierda, VDD, VSS.-
Message[302]: Register in operand not in bank 0.  Ensure that bank bits are correct.
0003   009F           00040         MOVWF   ADCON1          ;Vdd and Vss as Vref
Message[302]: Register in operand not in bank 0.  Ensure that bank bits are correct.
MPASM 5.68                ADCPOLLING8BIT.ASM   10-15-2020  10:25:04         PAGE  2


LOC  OBJECT CODE     LINE SOURCE TEXT
  VALUE

0004   1405           00041         BSF     TRISA,0         ;Set RA0 to input
Message[302]: Register in operand not in bank 0.  Ensure that bank bits are correct.
0005   0189           00042         CLRF    TRISE           ;Set PORTE to output
Message[302]: Register in operand not in bank 0.  Ensure that bank bits are correct.
0006   0186           00043         CLRF    TRISB           ;Set PORTB to output
Message[302]: Register in operand not in bank 0.  Ensure that bank bits are correct.
0007   0188           00044         CLRF    TRISD           ;Set PORTD to output
0008   1283           00045         BCF     STATUS,RP0      ; Banco 0  -- BANKSEL PORTE, ADCON0  ;
0009   3041           00046         MOVLW   B'01000001'     ;Fosc/8, Canal 0, módulo habilitado.
000A   009F           00047         MOVWF   ADCON0          ;AN0, On
000B   0189           00048         CLRF    PORTE
000C   0186           00049         CLRF    PORTB
000D   0188           00050         CLRF    PORTD
000E   1683 1703      00051         BANKSEL ANSEL           ;
Message[302]: Register in operand not in bank 0.  Ensure that bank bits are correct.
0010   1408           00052         BSF     ANSEL,0         ;Set RA0 to analog
Message[302]: Register in operand not in bank 0.  Ensure that bank bits are correct.
0011   1388           00053         BCF     ANSEL,7         ;Set RA7 to digital
Message[302]: Register in operand not in bank 0.  Ensure that bank bits are correct.
0012   0189           00054         CLRF    ANSELH
                      00055 
0013   3097           00056         MOVLW B'10010111'
0014   00AA           00057         MOVWF temp
0015   2???           00058         CALL CONVERT
0016   00A0           00059         MOVWF RESULTHI
0017   2???           00060         GOTO RUN
                      00061         
0018                  00062 RUN_ADC
0018   1283 1303      00063         BANKSEL ADCON0
001A   2???           00064         CALL SampleTime         ; Demora de adquision.-
001B   149F           00065         BSF ADCON0,GO           ;Start conversion
                      00066 
001C                  00067 WAIT_ACQ
001C   189F           00068         BTFSC   ADCON0,GO       ; Espera a que termine conversion.-
001D   2???           00069         GOTO    WAIT_ACQ
001E   081E           00070         MOVF    ADRESH,W        ; Movemos resultado de la conversion.-
001F   00A0           00071         MOVWF   RESULTHI
0020   0086           00072         MOVWF   PORTB
0021   141F           00073         BSF     ADCON0,ADON     ; Apago modulo de conversion.-
                      00074         ;MOVF   RESULTHI,0
0022   00AA           00075         MOVWF   temp
0023   2???           00076         CALL    CONVERT
0024   00A0           00077         MOVWF   RESULTHI
0025   2???           00078         GOTO    RUN
                      00079 
0026                  00080 SHOW
0026   1283           00081         BCF     STATUS,RP0
0027   1303           00082         BCF     STATUS,RP1
0028   1820           00083         BTFSC RESULTHI,0
0029   2???           00084         GOTO setl8
002A   1109           00085         BCF PORTE,2
002B   2???           00086         GOTO show_L9
002C                  00087 setl8   
MPASM 5.68                ADCPOLLING8BIT.ASM   10-15-2020  10:25:04         PAGE  3


LOC  OBJECT CODE     LINE SOURCE TEXT
  VALUE

002C   1509           00088         BSF PORTE,2
002D                  00089 show_L9 
002D   18A0           00090         BTFSC RESULTHI,1
002E   2???           00091         GOTO setl9
002F   1388           00092         BCF PORTD,7
0030   2???           00093         GOTO fin_show
0031                  00094 setl9   
0031   1788           00095         BSF PORTD,7
0032                  00096 fin_show        
0032   0008           00097         RETURN
                      00098         
                      00099 ;**** Demora ****
0033                  00100 SampleTime
0033   3005           00101         MOVLW   0x05 ;
0034   00A2           00102         MOVWF   Contador ; Iniciamos contador1.-
0035                  00103 Repeticion
0035   0BA2           00104         DECFSZ  Contador,1 ; Decrementa Contador1.-
0036   2???           00105         GOTO    Repeticion ; Si no es cero repetimos ciclo.-
0037   0008           00106         RETURN 
                      00107         
0038                  00108 RUN
0038   0820           00109         MOVF RESULTHI,0
0039   00A8           00110         MOVWF bin ; 0x20
003A   2???           00111         CALL Binary2BCD ; tens = 3 unit = 2
003B   2???           00112         CALL DISP_UPDATE_UNIT ; 2
003C   2???           00113         CALL DELAY_20MS
003D   2???           00114         CALL DISP_UPDATE_TENS; 3
003E   2???           00115         CALL DELAY_20MS
003F   2???           00116         GOTO RUN_ADC
                      00117         
0040                  00118 CONVERT
0040   0CAA           00119         RRF temp,1
0041   1003           00120         BCF STATUS,0
0042   0CAA           00121         RRF temp,1
0043   1003           00122         BCF STATUS,0
0044   0CAA           00123         RRF temp,1
0045   1003           00124         BCF STATUS,0
0046   082A           00125         MOVF temp,0
0047   0CAA           00126         RRF temp,1
0048   1003           00127         BCF STATUS,0
0049   072A           00128         ADDWF temp,0
004A   0CAA           00129         RRF temp,1
004B   1003           00130         BCF STATUS,0
004C   0CAA           00131         RRF temp,1
004D   1003           00132         BCF STATUS,0
004E   0CAA           00133         RRF temp,1
004F   1003           00134         BCF STATUS,0
0050   072A           00135         ADDWF temp,0
0051   0008           00136         RETURN
                      00137         
                      00138 ;--------------------------------------------------------------------------
                      00139 ; DISPLAY 7 SEGMENTS
                      00140 ;--------------------------------------------------------------------------     
MPASM 5.68                ADCPOLLING8BIT.ASM   10-15-2020  10:25:04         PAGE  4


LOC  OBJECT CODE     LINE SOURCE TEXT
  VALUE

0052                  00141 DISP_UPDATE_UNIT
0052   1089           00142         BCF PORTE,EN_D1 ;TURN OFF DIGIT 2.
0053   0827           00143         MOVF Units,0
0054   2???           00144         CALL SEVENSEG_LOOKUP
                      00145         ; para anodo comun complemento (1 -> 0, 0 -> 1)
0055   0088           00146         MOVWF PORTD ;PUT DATA ON PORTB.
0056   1409           00147         BSF PORTE,EN_D0 ;TURN ON DIGIT 1.
0057   0008           00148         RETURN
                      00149         
0058                  00150 DISP_UPDATE_TENS
0058   1009           00151         BCF PORTE,EN_D0 ;TURN OFF DIGIT 1.
0059   0826           00152         MOVF Tens,0
005A   2???           00153         CALL SEVENSEG_LOOKUP
                      00154         ;para anodo comun complemento (1 -> 0, 0 -> 1)
005B   0088           00155         MOVWF PORTD ;PUT DATA ON PORTB.
005C   1489           00156         BSF PORTE,EN_D1 ;TURN ON DIGIT 2.
005D   0008           00157         RETURN
                      00158 ;--------------------------------------------------------------------------
                      00159 ; NUMBERIC LOOKUP TABLE FOR 7 SEG
                      00160 ;--------------------------------------------------------------------------
005E                  00161 SEVENSEG_LOOKUP 
005E   0782           00162         ADDWF PCL,f
005F   343F           00163         RETLW 3Fh ; //Hex value to display the number 0. 0x40
0060   3406           00164         RETLW 06h ; //Hex value to display the number 1. 0x79
0061   345B           00165         RETLW 5Bh ; //Hex value to display the number 2.
0062   344F           00166         RETLW 4Fh ; //Hex value to display the number 3.
0063   3466           00167         RETLW 66h ; //Hex value to display the number 4.
0064   346D           00168         RETLW 6Dh ; //Hex value to display the number 5.
0065   347C           00169         RETLW 7Ch ; //Hex value to display the number 6.
0066   3407           00170         RETLW 07h ; //Hex value to display the number 7.
0067   347F           00171         RETLW 7Fh ; //Hex value to display the number 8.
0068   346F           00172         RETLW 6Fh ; //Hex value to display the number 9.
0069   0008           00173         RETURN
                      00174 ;--------------------------------------------------------------------------
                      00175 ; DELAY 20 MILLISECONDS
                      00176 ;--------------------------------------------------------------------------
006A                  00177 DELAY_20MS
006A   30FF           00178         movlw   0xFF                    ;
006B   00A3           00179         movwf   Contador1               ; Iniciamos contador1.-
006C                  00180 Repeticion1
006C   3019           00181         movlw   0x19                    ;
006D   00A4           00182         movwf   Contador2               ; Iniciamos contador2
006E                  00183 Repeticion2
006E   0BA4           00184         decfsz  Contador2,1             ; Decrementa Contador2 y si es 0 sale.-
006F   2???           00185         goto    Repeticion2             ; Si no es 0 repetimos ciclo.-
0070   0BA3           00186         decfsz  Contador1,1             ; Decrementa Contador1.-
0071   2???           00187         goto    Repeticion1             ; Si no es cero repetimos ciclo.-
0072   0008           00188         return                          ; Regresa de la subrutina.-
                      00189 
                      00190 ;--------------------------------------------------------------------------
                      00191 ; CONVERTER BINARY TO BCD
                      00192 ;--------------------------------------------------------------------------
0073                  00193 Binary2BCD
MPASM 5.68                ADCPOLLING8BIT.ASM   10-15-2020  10:25:04         PAGE  5


LOC  OBJECT CODE     LINE SOURCE TEXT
  VALUE

0073   01A5           00194         clrf            Hundred
0074   01A6           00195         clrf            Tens
0075   01A7           00196         clrf            Units
0076   3008           00197         movlw           0x08
0077   00A9           00198         movwf           count8
                      00199         ; check if bin is zero  
0078   3000           00200         movlw           0x00
0079   07A8           00201         addwf           bin, f
007A   1903           00202         btfsc           STATUS, Z
007B   2???           00203         goto            endBinary2BCD
007C                  00204 startconversion 
                      00205         ; rotate MSB from bin into Units
007C   1003           00206         bcf             STATUS, C
007D   0DA8           00207         rlf             bin, f
007E   0DA7           00208         rlf             Units, f
                      00209         ; check if a carry happened to 5th bit of Units 
                      00210         ; helps to move the carry from nibble to a different byte
007F   1E27           00211         btfss           Units, 0x04
0080   2???           00212         goto            RotateZeroIntoTen
0081   1403           00213         bsf             STATUS, C
0082   0DA6           00214         rlf             Tens, f
0083   2???           00215         goto            completeUnitCarry       
0084                  00216 RotateZeroIntoTen
0084   1003           00217         bcf             STATUS, C
0085   0DA6           00218         rlf             Tens, f
0086                  00219 completeUnitCarry       
0086   1227           00220         bcf             Units, 0x04
                      00221         ; check if a carry happend to the 5th bit of Tens
                      00222         ; helps to move the carry from nibble to a different byte
0087   1E26           00223         btfss           Tens, 0x04
0088   2???           00224         goto            RotateZeroIntoHun
0089   1403           00225         bsf             STATUS, C
008A   0DA5           00226         rlf             Hundred, f
008B   2???           00227         goto            completeTenCarry        
008C                  00228 RotateZeroIntoHun
008C   1003           00229         bcf             STATUS, C
008D   0DA5           00230         rlf             Hundred, f
008E                  00231 completeTenCarry        
008E   1226           00232         bcf             Tens, 0x04
008F   0BA9           00233         decfsz          count8,f
0090   2???           00234         goto            continue
0091   2???           00235         goto            endBinary2BCD
0092                  00236 continue
                      00237         ; check if you need to add 3 to Units if it is greater or equal to 5
0092   0827           00238         movf            Units, w
0093   00AA           00239         movwf           temp
0094   3005           00240         movlw           0x05
0095   02AA           00241         subwf           temp, f
0096   1C03           00242         btfss           STATUS, C
0097   2???           00243         goto            AfterAdding3
0098   0827           00244         movf            Units, w
0099   3E03           00245         addlw           0x03
009A   00A7           00246         movwf           Units
MPASM 5.68                ADCPOLLING8BIT.ASM   10-15-2020  10:25:04         PAGE  6


LOC  OBJECT CODE     LINE SOURCE TEXT
  VALUE

009B                  00247 AfterAdding3    
                      00248         ; check if you need to add 3 to Tens if it is greater or equal to 5
009B   0826           00249         movf            Tens, w
009C   00AA           00250         movwf           temp
009D   3005           00251         movlw           0x05
009E   02AA           00252         subwf           temp, f
009F   1C03           00253         btfss           STATUS, C
00A0   2???           00254         goto            AfterAdding_3
00A1   0826           00255         movf            Tens, w
00A2   3E03           00256         addlw           0x03
00A3   00A6           00257         movwf           Tens
00A4                  00258 AfterAdding_3   
00A4   2???           00259         goto            startconversion
00A5                  00260 endBinary2BCD   
00A5   0008           00261         return
                      00262 
                      00263         
38F1 3FFF             00264         end
MPASM 5.68                ADCPOLLING8BIT.ASM   10-15-2020  10:25:04         PAGE  7


SYMBOL TABLE
  LABEL                             VALUE 

ABDEN                             00000000
ABDOVF                            00000007
ACKDT                             00000005
ACKEN                             00000004
ACKSTAT                           00000006
ADCON0                            0000001F
ADCON1                            0000009F
ADCS0                             00000006
ADCS1                             00000007
ADDEN                             00000003
ADFM                              00000007
ADIE                              00000006
ADIF                              00000006
ADON                              00000000
ADRESH                            0000001E
ADRESL                            0000009E
ANS0                              00000000
ANS1                              00000001
ANS10                             00000002
ANS11                             00000003
ANS12                             00000004
ANS13                             00000005
ANS2                              00000002
ANS3                              00000003
ANS4                              00000004
ANS5                              00000005
ANS6                              00000006
ANS7                              00000007
ANS8                              00000000
ANS9                              00000001
ANSEL                             00000188
ANSELH                            00000189
AfterAdding3                      0000009B
AfterAdding_3                     000000A4
BAUDCTL                           00000187
BCLIE                             00000003
BCLIF                             00000003
BF                                00000000
BRG0                              00000000
BRG1                              00000001
BRG10                             00000002
BRG11                             00000003
BRG12                             00000004
BRG13                             00000005
BRG14                             00000006
BRG15                             00000007
BRG16                             00000003
BRG2                              00000002
BRG3                              00000003
BRG4                              00000004
BRG5                              00000005
BRG6                              00000006
BRG7                              00000007
MPASM 5.68                ADCPOLLING8BIT.ASM   10-15-2020  10:25:04         PAGE  8


SYMBOL TABLE
  LABEL                             VALUE 

BRG8                              00000000
BRG9                              00000001
BRGH                              00000002
Binary2BCD                        00000073
C                                 00000000
C1CH0                             00000000
C1CH1                             00000001
C1IE                              00000005
C1IF                              00000005
C1OE                              00000005
C1ON                              00000007
C1OUT                             00000006
C1POL                             00000004
C1R                               00000002
C1RSEL                            00000005
C1SEN                             00000005
C2CH0                             00000000
C2CH1                             00000001
C2IE                              00000006
C2IF                              00000006
C2OE                              00000005
C2ON                              00000007
C2OUT                             00000006
C2POL                             00000004
C2R                               00000002
C2REN                             00000004
C2RSEL                            00000004
C2SYNC                            00000000
CCP1CON                           00000017
CCP1IE                            00000002
CCP1IF                            00000002
CCP1M0                            00000000
CCP1M1                            00000001
CCP1M2                            00000002
CCP1M3                            00000003
CCP1X                             00000005
CCP1Y                             00000004
CCP2CON                           0000001D
CCP2IE                            00000000
CCP2IF                            00000000
CCP2M0                            00000000
CCP2M1                            00000001
CCP2M2                            00000002
CCP2M3                            00000003
CCP2X                             00000005
CCP2Y                             00000004
CCPR1                             00000015
CCPR1H                            00000016
CCPR1L                            00000015
CCPR2                             0000001B
CCPR2H                            0000001C
CCPR2L                            0000001B
CHS0                              00000002
MPASM 5.68                ADCPOLLING8BIT.ASM   10-15-2020  10:25:04         PAGE  9


SYMBOL TABLE
  LABEL                             VALUE 

CHS1                              00000003
CHS2                              00000004
CHS3                              00000005
CKE                               00000006
CKP                               00000004
CM1CON0                           00000107
CM2CON0                           00000108
CM2CON1                           00000109
CONVERT                           00000040
CREN                              00000004
CSRC                              00000007
Contador                          00000022
Contador1                         00000023
Contador2                         00000024
D                                 00000005
DATA_ADDRESS                      00000005
DC                                00000001
DC1B0                             00000004
DC1B1                             00000005
DC2B0                             00000004
DC2B1                             00000005
DELAY_20MS                        0000006A
DISP_UPDATE_TENS                  00000058
DISP_UPDATE_UNIT                  00000052
D_A                               00000005
D_NOT_A                           00000005
ECCPAS                            0000009C
ECCPAS0                           00000004
ECCPAS1                           00000005
ECCPAS2                           00000006
ECCPASE                           00000007
EEADR                             0000010D
EEADRH                            0000010F
EECON1                            0000018C
EECON2                            0000018D
EEDAT                             0000010C
EEDATA                            0000010C
EEDATH                            0000010E
EEIE                              00000004
EEIF                              00000004
EEPGD                             00000007
EN_D0                             00000000
EN_D1                             00000001
F                                 00000001
FERR                              00000002
FSR                               00000004
FVREN                             00000000
GCEN                              00000007
GIE                               00000007
GO                                00000001
GO_DONE                           00000001
GO_NOT_DONE                       00000001
HTS                               00000002
MPASM 5.68                ADCPOLLING8BIT.ASM   10-15-2020  10:25:04         PAGE 10


SYMBOL TABLE
  LABEL                             VALUE 

Hundred                           00000025
I2C_DATA                          00000005
I2C_READ                          00000002
I2C_START                         00000003
I2C_STOP                          00000004
INDF                              00000000
INIT                              00000001
INTCON                            0000000B
INTE                              00000004
INTEDG                            00000006
INTF                              00000001
IOCB                              00000096
IOCB0                             00000000
IOCB1                             00000001
IOCB2                             00000002
IOCB3                             00000003
IOCB4                             00000004
IOCB5                             00000005
IOCB6                             00000006
IOCB7                             00000007
IRCF0                             00000004
IRCF1                             00000005
IRCF2                             00000006
IRP                               00000007
LTS                               00000001
MC1OUT                            00000007
MC2OUT                            00000006
MSK                               00000093
MSK0                              00000000
MSK1                              00000001
MSK2                              00000002
MSK3                              00000003
MSK4                              00000004
MSK5                              00000005
MSK6                              00000006
MSK7                              00000007
NOT_A                             00000005
NOT_ADDRESS                       00000005
NOT_BO                            00000000
NOT_BOR                           00000000
NOT_DONE                          00000001
NOT_PD                            00000003
NOT_POR                           00000001
NOT_RBPU                          00000007
NOT_RC8                           00000006
NOT_T1SYNC                        00000002
NOT_TO                            00000004
NOT_TX8                           00000006
NOT_W                             00000002
NOT_WRITE                         00000002
OERR                              00000001
OPTION_REG                        00000081
OSCCON                            0000008F
MPASM 5.68                ADCPOLLING8BIT.ASM   10-15-2020  10:25:04         PAGE 11


SYMBOL TABLE
  LABEL                             VALUE 

OSCTUNE                           00000090
OSFIE                             00000007
OSFIF                             00000007
OSTS                              00000003
P                                 00000004
P1M0                              00000006
P1M1                              00000007
PCL                               00000002
PCLATH                            0000000A
PCON                              0000008E
PDC0                              00000000
PDC1                              00000001
PDC2                              00000002
PDC3                              00000003
PDC4                              00000004
PDC5                              00000005
PDC6                              00000006
PEIE                              00000006
PEN                               00000002
PIE1                              0000008C
PIE2                              0000008D
PIR1                              0000000C
PIR2                              0000000D
PORTA                             00000005
PORTB                             00000006
PORTC                             00000007
PORTD                             00000008
PORTE                             00000009
PR2                               00000092
PRSEN                             00000007
PS0                               00000000
PS1                               00000001
PS2                               00000002
PSA                               00000003
PSSAC0                            00000002
PSSAC1                            00000003
PSSBD0                            00000000
PSSBD1                            00000001
PSTRCON                           0000009D
PULSR                             00000002
PULSS                             00000003
PWM1CON                           0000009B
R                                 00000002
RA0                               00000000
RA1                               00000001
RA2                               00000002
RA3                               00000003
RA4                               00000004
RA5                               00000005
RA6                               00000006
RA7                               00000007
RB0                               00000000
RB1                               00000001
MPASM 5.68                ADCPOLLING8BIT.ASM   10-15-2020  10:25:04         PAGE 12


SYMBOL TABLE
  LABEL                             VALUE 

RB2                               00000002
RB3                               00000003
RB4                               00000004
RB5                               00000005
RB6                               00000006
RB7                               00000007
RBIE                              00000003
RBIF                              00000000
RC0                               00000000
RC1                               00000001
RC2                               00000002
RC3                               00000003
RC4                               00000004
RC5                               00000005
RC6                               00000006
RC7                               00000007
RC8_9                             00000006
RC9                               00000006
RCD8                              00000000
RCEN                              00000003
RCIDL                             00000006
RCIE                              00000005
RCIF                              00000005
RCREG                             0000001A
RCSTA                             00000018
RD                                00000000
RD0                               00000000
RD1                               00000001
RD2                               00000002
RD3                               00000003
RD4                               00000004
RD5                               00000005
RD6                               00000006
RD7                               00000007
RE0                               00000000
RE1                               00000001
RE2                               00000002
RE3                               00000003
READ_WRITE                        00000002
RESULTHI                          00000020
RESULTLO                          00000021
RP0                               00000005
RP1                               00000006
RSEN                              00000001
RUN                               00000038
RUN_ADC                           00000018
RX9                               00000006
RX9D                              00000000
R_NOT_W                           00000002
R_W                               00000002
Repeticion                        00000035
Repeticion1                       0000006C
Repeticion2                       0000006E
MPASM 5.68                ADCPOLLING8BIT.ASM   10-15-2020  10:25:04         PAGE 13


SYMBOL TABLE
  LABEL                             VALUE 

RotateZeroIntoHun                 0000008C
RotateZeroIntoTen                 00000084
S                                 00000003
SBOREN                            00000004
SCKP                              00000004
SCS                               00000000
SEN                               00000000
SENDB                             00000003
SEVENSEG_LOOKUP                   0000005E
SHOW                              00000026
SMP                               00000007
SPBRG                             00000099
SPBRGH                            0000009A
SPEN                              00000007
SR0                               00000006
SR1                               00000007
SRCON                             00000185
SREN                              00000005
SSPADD                            00000093
SSPBUF                            00000013
SSPCON                            00000014
SSPCON2                           00000091
SSPEN                             00000005
SSPIE                             00000003
SSPIF                             00000003
SSPM0                             00000000
SSPM1                             00000001
SSPM2                             00000002
SSPM3                             00000003
SSPMSK                            00000093
SSPOV                             00000006
SSPSTAT                           00000094
STATUS                            00000003
STRA                              00000000
STRB                              00000001
STRC                              00000002
STRD                              00000003
STRSYNC                           00000004
SWDTEN                            00000000
SYNC                              00000004
SampleTime                        00000033
T0CS                              00000005
T0IE                              00000005
T0IF                              00000002
T0SE                              00000004
T1CKPS0                           00000004
T1CKPS1                           00000005
T1CON                             00000010
T1GINV                            00000007
T1GIV                             00000007
T1GSS                             00000001
T1INSYNC                          00000002
T1OSCEN                           00000003
MPASM 5.68                ADCPOLLING8BIT.ASM   10-15-2020  10:25:04         PAGE 14


SYMBOL TABLE
  LABEL                             VALUE 

T1SYNC                            00000002
T2CKPS0                           00000000
T2CKPS1                           00000001
T2CON                             00000012
TMR0                              00000001
TMR0IE                            00000005
TMR0IF                            00000002
TMR1                              0000000E
TMR1CS                            00000001
TMR1GE                            00000006
TMR1H                             0000000F
TMR1IE                            00000000
TMR1IF                            00000000
TMR1L                             0000000E
TMR1ON                            00000000
TMR2                              00000011
TMR2IE                            00000001
TMR2IF                            00000001
TMR2ON                            00000002
TOUTPS0                           00000003
TOUTPS1                           00000004
TOUTPS2                           00000005
TOUTPS3                           00000006
TRISA                             00000085
TRISA0                            00000000
TRISA1                            00000001
TRISA2                            00000002
TRISA3                            00000003
TRISA4                            00000004
TRISA5                            00000005
TRISA6                            00000006
TRISA7                            00000007
TRISB                             00000086
TRISB0                            00000000
TRISB1                            00000001
TRISB2                            00000002
TRISB3                            00000003
TRISB4                            00000004
TRISB5                            00000005
TRISB6                            00000006
TRISB7                            00000007
TRISC                             00000087
TRISC0                            00000000
TRISC1                            00000001
TRISC2                            00000002
TRISC3                            00000003
TRISC4                            00000004
TRISC5                            00000005
TRISC6                            00000006
TRISC7                            00000007
TRISD                             00000088
TRISD0                            00000000
TRISD1                            00000001
MPASM 5.68                ADCPOLLING8BIT.ASM   10-15-2020  10:25:04         PAGE 15


SYMBOL TABLE
  LABEL                             VALUE 

TRISD2                            00000002
TRISD3                            00000003
TRISD4                            00000004
TRISD5                            00000005
TRISD6                            00000006
TRISD7                            00000007
TRISE                             00000089
TRISE0                            00000000
TRISE1                            00000001
TRISE2                            00000002
TRISE3                            00000003
TRMT                              00000001
TUN0                              00000000
TUN1                              00000001
TUN2                              00000002
TUN3                              00000003
TUN4                              00000004
TX8_9                             00000006
TX9                               00000006
TX9D                              00000000
TXD8                              00000000
TXEN                              00000005
TXIE                              00000004
TXIF                              00000004
TXREG                             00000019
TXSTA                             00000098
Tens                              00000026
UA                                00000001
ULPWUE                            00000005
ULPWUIE                           00000002
ULPWUIF                           00000002
Units                             00000027
VCFG0                             00000004
VCFG1                             00000005
VR0                               00000000
VR1                               00000001
VR2                               00000002
VR3                               00000003
VRCON                             00000097
VREN                              00000007
VROE                              00000006
VRR                               00000005
VRSS                              00000004
W                                 00000000
WAIT_ACQ                          0000001C
WCOL                              00000007
WDTCON                            00000105
WDTPS0                            00000001
WDTPS1                            00000002
WDTPS2                            00000003
WDTPS3                            00000004
WPUB                              00000095
WPUB0                             00000000
MPASM 5.68                ADCPOLLING8BIT.ASM   10-15-2020  10:25:04         PAGE 16


SYMBOL TABLE
  LABEL                             VALUE 

WPUB1                             00000001
WPUB2                             00000002
WPUB3                             00000003
WPUB4                             00000004
WPUB5                             00000005
WPUB6                             00000006
WPUB7                             00000007
WR                                00000001
WREN                              00000002
WRERR                             00000003
WUE                               00000001
Z                                 00000002
_BOR21V                           00003EFF
_BOR40V                           00003FFF
_BOR4V_BOR21V                     00003EFF
_BOR4V_BOR40V                     00003FFF
_BOREN_NSLEEP                     00003EFF
_BOREN_OFF                        00003CFF
_BOREN_ON                         00003FFF
_BOREN_SBODEN                     00003DFF
_BOR_NSLEEP                       00003EFF
_BOR_OFF                          00003CFF
_BOR_ON                           00003FFF
_BOR_SBODEN                       00003DFF
_CONFIG1                          00002007
_CONFIG2                          00002008
_CPD_OFF                          00003FFF
_CPD_ON                           00003F7F
_CP_OFF                           00003FFF
_CP_ON                            00003FBF
_DEBUG_OFF                        00003FFF
_DEBUG_ON                         00001FFF
_DEVID1                           00002006
_EC_OSC                           00003FFB
_EXTRC                            00003FFF
_EXTRCIO                          00003FFE
_EXTRC_OSC_CLKOUT                 00003FFF
_EXTRC_OSC_NOCLKOUT               00003FFE
_FCMEN_OFF                        000037FF
_FCMEN_ON                         00003FFF
_FOSC_EC                          00003FFB
_FOSC_EXTRC_CLKOUT                00003FFF
_FOSC_EXTRC_NOCLKOUT              00003FFE
_FOSC_HS                          00003FFA
_FOSC_INTRC_CLKOUT                00003FFD
_FOSC_INTRC_NOCLKOUT              00003FFC
_FOSC_LP                          00003FF8
_FOSC_XT                          00003FF9
_HS_OSC                           00003FFA
_IDLOC0                           00002000
_IDLOC1                           00002001
_IDLOC2                           00002002
_IDLOC3                           00002003
MPASM 5.68                ADCPOLLING8BIT.ASM   10-15-2020  10:25:04         PAGE 17


SYMBOL TABLE
  LABEL                             VALUE 

_IESO_OFF                         00003BFF
_IESO_ON                          00003FFF
_INTOSC                           00003FFD
_INTOSCIO                         00003FFC
_INTRC_OSC_CLKOUT                 00003FFD
_INTRC_OSC_NOCLKOUT               00003FFC
_LP_OSC                           00003FF8
_LVP_OFF                          00002FFF
_LVP_ON                           00003FFF
_MCLRE_OFF                        00003FDF
_MCLRE_ON                         00003FFF
_PWRTE_OFF                        00003FFF
_PWRTE_ON                         00003FEF
_WDTE_OFF                         00003FF7
_WDTE_ON                          00003FFF
_WDT_OFF                          00003FF7
_WDT_ON                           00003FFF
_WRT_1FOURTH                      00003BFF
_WRT_256                          00003DFF
_WRT_HALF                         000039FF
_WRT_OFF                          00003FFF
_XT_OSC                           00003FF9
__16F887                          00000001
bin                               00000028
completeTenCarry                  0000008E
completeUnitCarry                 00000086
continue                          00000092
count8                            00000029
endBinary2BCD                     000000A5
fin_show                          00000032
setl8                             0000002C
setl9                             00000031
show_L9                           0000002D
startconversion                   0000007C
temp                              0000002A

Errors   :     0
Warnings :     0 reported,     0 suppressed
Messages :     8 reported,     0 suppressed

